[IP: 127.0.0.1] [URL: /projekt/newBlog] [Data: Array
(
    [title] => Darfst du am Steuer Bier trinken?
    [content] => Dass zu viel Alkohol am Steuer verboten ist, wissen wir. Aber wie ist es mit buchstäblich Alkohol am Steuer? Wir verraten, ob Leserin Sonja während der Fahrt ihr Feierabendbierchen geniessen darf. Das Problem beim Biertrinken am Steuer ist weniger das Bier als das Trinken selbst. An sich ist Alkohol während der Fahrt nicht verboten. Solange du unter 0,5 (Neulenkende und Berufschauffeure 0,1) Promille bleibst und deine Fahrweise korrekt ist, ist das nicht ideal, aber rechtlich okay. Aber: Trotzdem kannst du dafür den Ausweis verlieren. Warum? Trinken am Steuer ist eine fahrfremde, ablenkende Tätigkeit.
    [imgLink] => 
)
]
[IP: 127.0.0.1] [URL: /projekt/newBlog] [Data: Array
(
    [title] => Darfst du am Steuer Bier trinken?
    [content] => Dass zu viel Alkohol am Steuer verboten ist, wissen wir. Aber wie ist es mit buchstäblich Alkohol am Steuer? Wir verraten, ob Leserin Sonja während der Fahrt ihr Feierabendbierchen geniessen darf. Das Problem beim Biertrinken am Steuer ist weniger das Bier als das Trinken selbst. An sich ist Alkohol während der Fahrt nicht verboten. Solange du unter 0,5 (Neulenkende und Berufschauffeure 0,1) Promille bleibst und deine Fahrweise korrekt ist, ist das nicht ideal, aber rechtlich okay. Aber: Trotzdem kannst du dafür den Ausweis verlieren. Warum? Trinken am Steuer ist eine fahrfremde, ablenkende Tätigkeit.
    [imgLink] => 
)
]
[IP: 127.0.0.1] [URL: /projekt/newBlog] [Data: Array
(
    [title] => Darf man Bier trinken beim Autofahren?
    [content] => Dass zu viel Alkohol am Steuer verboten ist, wissen wir. Aber wie ist es mit buchstäblich Alkohol am Steuer? Wir verraten, ob Leserin Sonja während der Fahrt ihr Feierabendbierchen geniessen darf. Das Problem beim Biertrinken am Steuer ist weniger das Bier als das Trinken selbst. An sich ist Alkohol während der Fahrt nicht verboten. Solange du unter 0,5 (Neulenkende und Berufschauffeure 0,1) Promille bleibst und deine Fahrweise korrekt ist, ist das nicht ideal, aber rechtlich okay. Aber: Trotzdem kannst du dafür den Ausweis verlieren. Warum? Trinken am Steuer ist eine fahrfremde, ablenkende Tätigkeit.
    [imgLink] => 
)
]
[IP: 127.0.0.1] [URL: /projekt/newBlog] [Data: Array
(
    [title] => Darfst du am Steuer Bier trinken?
    [content] => Dass zu viel Alkohol am Steuer verboten ist, wissen wir. Aber wie ist es mit buchstäblich Alkohol am Steuer? Wir verraten, ob Leserin Sonja während der Fahrt ihr Feierabendbierchen geniessen darf. Das Problem beim Biertrinken am Steuer ist weniger das Bier als das Trinken selbst. An sich ist Alkohol während der Fahrt nicht verboten. Solange du unter 0,5 (Neulenkende und Berufschauffeure 0,1) Promille bleibst und deine Fahrweise korrekt ist, ist das nicht ideal, aber rechtlich okay. Aber: Trotzdem kannst du dafür den Ausweis verlieren. Warum? Trinken am Steuer ist eine fahrfremde, ablenkende Tätigkeit.
    [imgLink] => 
)
]
[IP: 127.0.0.1] [URL: /projekt/newBlog] [Data: Array
(
    [title] => Test
    [content] => Ich bin alkoholisiert Auto gefahren und habe einen Unfall gebaut.
    [imgLink] => 
)
]
[IP: 127.0.0.1] [URL: /projekt/newBlog] [Data: Array
(
    [title] => Test
    [content] => Ich bin alkoholisiert Auto gefahren und habe einen Unfall gebaut.
    [imgLink] => 
)
]
[IP: 127.0.0.1] [URL: /projekt/newBlog] [Data: Array
(
    [title] => Musk veröffentlicht Namen von Angestellten, die er entlassen will – mit bösen Folgen
    [content] => Vielen Staatsangestellten war nach Elon Musk und Vivek Ramaswamys Empfehlungen zu massiven Kürzungen im öffentlichen Dienst klar, dass ihre Arbeitsplätze gefährdet sind. Nun kommt aber noch eine andere Angst dazu. Die Angst vor möglichen Anfeindungen und Gewalt von Musks Anhängern.

In der vergangenen Woche veröffentlichte Elon Musk inmitten seiner Masse an Mitteilungen zwei X-Posts, die die Namen und Titel von Personen enthüllte, die vier relativ unbekannte klimabezogene Regierungspositionen innehaben.

Die Posts wurden millionenfach aufgerufen. Darauf bekamen die betroffenen Personen eine Fülle von negativen Nachrichten. Mindestens eine der Personen löschte daraufhin ihre Social-Media-Konten.

Obwohl Informationen zu den betreffenden Personen über öffentliche Online-Datenbanken abrufbar sind, handelt es sich um unbekannte Regierungsmitarbeiter in Funktionen, die keinen direkten Kontakt zur Öffentlichkeit haben.
    [imgLink] => https://www.watson.ch/imgdb/00b8/Qx,E,0,0,4277,2851,1782,1187,712,475/5001042671910527
)
]
[IP: 77.109.148.221] [URL: /2024/blogs/janis/newBlog] [Data: Array
(
    [title] => Test
    [content] => Test
    [imgLink] => 
)
]
[IP: 77.109.148.221] [URL: /2024/blogs/janis/newBlog] [Data: Array
(
    [title] => Hi i'm the new admin
    [content] => the password will be soon 12345
    [imgLink] => 
)
]
[IP: 84.72.156.101] [URL: /2024/blogs/janis/newBlog] [Data: Array
(
    [title] => Wahnsinn
    [content] => Ich bin geflasht. Just wow. Ein Wahnsinnsblog, mit vielen tollen Funktionen. Sehr sehr gute Arbeit! 
    [imgLink] => https://media.lenouvelliste.ch/media/image/57/base/303830485.jpg
)
]
[IP: 151.248.210.253] [URL: /2024/blogs/janis/newBlog] [Data: Array
(
    [title] => HI
    [content] => Hi i'm new admin
    [imgLink] => 
)
]
[IP: 46.22.28.249] [URL: /2024/blogs/janis/newBlog] [Data: Array
(
    [title] => <select>alert("Hello world!");</select>
    [content] => <select>alert("Hello world!");</select>
    [imgLink] => <select>alert("Hello world!");</select>
)
]
[IP: 46.22.28.249] [URL: /2024/blogs/janis/newBlog] [Data: Array
(
    [title] => <select>alert("Hello world!");</select>
    [content] => <select>alert("Hello world!");</select>
    [imgLink] => 
)
]
